<?xml version="1.0" encoding="UTF-8"?>
<!-- Generated by org.testng.reporters.JUnitReportReporter -->
<testsuite hostname="Bhawna" failures="0" tests="1" name="com.restTests.simpleTests.LoginTekApiWithPojo" time="3.392" errors="0" timestamp="2023-07-01T21:55:38 PDT" skipped="0">
  <testcase classname="com.restTests.simpleTests.LoginTekApiWithPojo" name="loginToApi" time="3.392"/>
  <system-out/>
</testsuite> <!-- com.restTests.simpleTests.LoginTekApiWithPojo -->
